Version: 2.2.0+9f37d02
Log file for segmentation FastSurferCNN/run_prediction.py
Wed Feb  7 23:32:00 UTC 2024

python-s /fastsurfer/FastSurferCNN/run_prediction.py --t1 /data/I120057.nii.gz --asegdkt_segfile /output/I120057.nii/mri/aparc.DKTatlas+aseg.deep.mgz --conformed_name /output/I120057.nii/mri/orig.mgz --brainmask_name /output/I120057.nii/mri/mask.mgz --aseg_name /output/I120057.nii/mri/aseg.auto_noCCseg.mgz --sid I120057.nii --seg_log /output/I120057.nii/scripts/deep-seg.log --vox_size min --batch_size 1 --viewagg_device auto --device auto 
[INFO: run_prediction.py:  546]: Checking or downloading default checkpoints ...
[INFO: common.py:  111]: Using device: cuda
[INFO: common.py:  111]: Using viewagg_device: cuda
[INFO: run_prediction.py:  234]: Running view aggregation on cuda
[INFO: inference.py:  200]: Loading checkpoint /fastsurfer/checkpoints/aparc_vinn_coronal_v2.0.0.pkl
[INFO: inference.py:  200]: Loading checkpoint /fastsurfer/checkpoints/aparc_vinn_sagittal_v2.0.0.pkl
[INFO: inference.py:  200]: Loading checkpoint /fastsurfer/checkpoints/aparc_vinn_axial_v2.0.0.pkl
[INFO: common.py:  820]: Single subject with absolute file path for input.
[INFO: common.py:  833]: No subjects directory specified, but the parent directory of the output file /output/I120057.nii/mri/aparc.DKTatlas+aseg.deep.mgz is 'mri', so we are assuming this is the 'mri' folder in the subject directory.
[INFO: common.py:  875]: Analyzing single subject /data/I120057.nii.gz
[INFO: common.py:  970]: Output will be stored in Subjects Directory: /output
[INFO: run_prediction.py:  310]: Successfully loaded image from /data/I120057.nii.gz.
[INFO: run_prediction.py:  418]: Output image directory 001.mgz does not exist. Creating it now...
[INFO: run_prediction.py:  430]: Successfully saved image   as /output/I120057.nii/mri/orig/001.mgz.
[INFO: run_prediction.py:  323]: Conforming image
[INFO: run_prediction.py:  430]: Successfully saved image   as /output/I120057.nii/mri/orig.mgz.
[INFO: run_prediction.py:  381]: Run coronal prediction
[INFO: dataset.py:   76]: Loading Coronal with input voxelsize (0.9335, 0.9335)
[INFO: inference.py:  352]: Inference on 258 batches for coronal successful
[INFO: inference.py:  414]: Coronal inference on /data/I120057.nii.gz finished in 13.4253 seconds
[INFO: run_prediction.py:  381]: Run sagittal prediction
[INFO: dataset.py:   67]: Loading Sagittal with input voxelsize (0.9335, 0.9335)
[INFO: inference.py:  352]: Inference on 258 batches for sagittal successful
[INFO: inference.py:  414]: Sagittal inference on /data/I120057.nii.gz finished in 12.2650 seconds
[INFO: run_prediction.py:  381]: Run axial prediction
[INFO: dataset.py:   72]: Loading Axial with input voxelsize (0.9335, 0.9335)
[INFO: inference.py:  352]: Inference on 258 batches for axial successful
[INFO: inference.py:  414]: Axial inference on /data/I120057.nii.gz finished in 12.1467 seconds
[INFO: run_prediction.py:  430]: Successfully saved image   as /output/I120057.nii/mri/aparc.DKTatlas+aseg.deep.mgz.
[INFO: run_prediction.py:  584]: Creating brainmask based on segmentation...
[INFO: run_prediction.py:  430]: Successfully saved image   as /output/I120057.nii/mri/mask.mgz.
[INFO: run_prediction.py:  601]: Creating aseg based on segmentation...
[INFO: run_prediction.py:  430]: Successfully saved image   as /output/I120057.nii/mri/aseg.auto_noCCseg.mgz.
[INFO: run_prediction.py:  618]: Running volume-based QC check on segmentation...
INFO: Running N4 bias-field correction
python-s /fastsurfer/recon_surf/N4_bias_correct.py --in /output/I120057.nii/mri/orig.mgz --rescale /output/I120057.nii/mri/orig_nu.mgz --aseg /output/I120057.nii/mri/aparc.DKTatlas+aseg.deep.mgz --threads 1
python-s /fastsurfer/FastSurferCNN/segstats.py --segfile /output/I120057.nii/mri/aparc.DKTatlas+aseg.deep.mgz --segstatsfile /output/I120057.nii/stats/aseg+DKT.stats --normfile /output/I120057.nii/mri/orig_nu.mgz  --empty --excludeid 0 --ids 2 4 5 7 8 10 11 12 13 14 15 16 17 18 24 26 28 31 41 43 44 46 47 49 50 51 52 53 54 58 60 63 77 251 252 253 254 255 1002 1003 1005 1006 1007 1008 1009 1010 1011 1012 1013 1014 1015 1016 1017 1018 1019 1020 1021 1022 1023 1024 1025 1026 1027 1028 1029 1030 1031 1034 1035 2002 2003 2005 2006 2007 2008 2009 2010 2011 2012 2013 2014 2015 2016 2017 2018 2019 2020 2021 2022 2023 2024 2025 2026 2027 2028 2029 2030 2031 2034 2035 --lut /fastsurfer/FastSurferCNN/config/FreeSurferColorLUT.txt --threads 1 
Partial volume stats for 100 labels written to /output/I120057.nii/stats/aseg+DKT.stats.
Calculation took 9.22 seconds using up to 1 threads.
python-s /fastsurfer/CerebNet/run_prediction.py --t1 /data/I120057.nii.gz --asegdkt_segfile /output/I120057.nii/mri/aparc.DKTatlas+aseg.deep.mgz --conformed_name /output/I120057.nii/mri/orig.mgz --cereb_segfile /output/I120057.nii/mri/cerebellum.CerebNet.nii.gz --seg_log /output/I120057.nii/scripts/deep-seg.log --batch_size 1 --viewagg_device auto --device auto --async_io --threads 1 --norm_name /output/I120057.nii/mri/orig_nu.mgz --cereb_statsfile /output/I120057.nii/stats/cerebellum.CerebNet.stats 
[INFO: run_prediction.py:  123]: Checking or downloading default checkpoints ...
[INFO: common.py:  820]: Single subject with absolute file path for input.
[INFO: common.py:  833]: No subjects directory specified, but the parent directory of the output file /output/I120057.nii/mri/cerebellum.CerebNet.nii.gz is 'mri', so we are assuming this is the 'mri' folder in the subject directory.
[INFO: common.py:  875]: Analyzing single subject /data/I120057.nii.gz
[INFO: common.py:  111]: Using device: cuda
[INFO: common.py:  111]: Using viewagg_device: cuda
[INFO: inference.py:  401]: 24-02-07_23:35:44
[INFO: data_utils.py:   94]: Conforming image to UCHAR, RAS orientation, and minimum isotropic voxels
[INFO: data_utils.py:   94]: Conforming image to UCHAR, RAS orientation, and minimum isotropic voxels
[INFO: conform.py:  776]: #############################################################
WARNING: qform and sform transform are not identical!
 sform-transform:
[[0. 0. 0. 0.]
 [0. 0. 0. 0.]
 [0. 0. 0. 0.]
 [0. 0. 0. 1.]]
 qform-transform:
[[ 0.00000000e+00  3.57410821e-10 -1.20077133e+00  9.22818451e+01]
 [ 3.58937383e-10 -9.33512807e-01 -4.59735168e-10  1.66967392e+02]
 [-9.37500000e-01 -3.57410821e-10  0.00000000e+00  1.18106064e+02]
 [ 0.00000000e+00  0.00000000e+00  0.00000000e+00  1.00000000e+00]]
You might want to check your Nifti-header for inconsistencies!
!!! Affine from qform transform will now be used !!!
#############################################################
[INFO: dataset.py:  268]: The conformed image and the segmentation do not share the same affine. The cerebellum mask is being resampled to localize it in the conformed image.
[INFO: inference.py:  330]: Saving CerebNet cerebellum segmentation at /output/I120057.nii/mri/cerebellum.CerebNet.nii.gz
[INFO: inference.py:  475]: Subject 1/1 with id 'I120057.nii' processed in 17.36 sec.
